<?xml version="1.0" encoding="UTF-8"?>
<testng-results ignored="0" total="2" passed="2" failed="0" skipped="0">
  <reporter-output>
    <line>
      <![CDATA[Open]]>
    </line>
    <line>
      <![CDATA[Login]]>
    </line>
    <line>
      <![CDATA[Create]]>
    </line>
    <line>
      <![CDATA[Logout]]>
    </line>
    <line>
      <![CDATA[Login]]>
    </line>
    <line>
      <![CDATA[Modify]]>
    </line>
    <line>
      <![CDATA[Logout]]>
    </line>
    <line>
      <![CDATA[Close]]>
    </line>
  </reporter-output>
  <suite started-at="2023-09-06T22:38:27 IST" name="Suite" finished-at="2023-09-06T22:38:47 IST" duration-ms="19642">
    <groups>
    </groups>
    <test started-at="2023-09-06T22:38:27 IST" name="Test" finished-at="2023-09-06T22:38:47 IST" duration-ms="19642">
      <class name="MyTests.TestExecution">
        <test-method is-config="true" signature="open()[pri:0, instance:MyTests.TestExecution@6025e1b6]" started-at="2023-09-06T22:38:27 IST" name="open" finished-at="2023-09-06T22:38:29 IST" duration-ms="1722" status="PASS">
          <reporter-output>
            <line>
              <![CDATA[Open]]>
            </line>
          </reporter-output>
        </test-method> <!-- open -->
        <test-method is-config="true" signature="login()[pri:0, instance:MyTests.TestExecution@6025e1b6]" started-at="2023-09-06T22:38:29 IST" name="login" finished-at="2023-09-06T22:38:42 IST" duration-ms="13497" status="PASS">
          <reporter-output>
            <line>
              <![CDATA[Login]]>
            </line>
          </reporter-output>
        </test-method> <!-- login -->
        <test-method signature="create()[pri:0, instance:MyTests.TestExecution@6025e1b6]" started-at="2023-09-06T22:38:42 IST" name="create" finished-at="2023-09-06T22:38:42 IST" duration-ms="3" status="PASS">
          <reporter-output>
            <line>
              <![CDATA[Create]]>
            </line>
          </reporter-output>
        </test-method> <!-- create -->
        <test-method is-config="true" signature="logout()[pri:0, instance:MyTests.TestExecution@6025e1b6]" started-at="2023-09-06T22:38:42 IST" name="logout" finished-at="2023-09-06T22:38:42 IST" duration-ms="0" status="PASS">
          <reporter-output>
            <line>
              <![CDATA[Logout]]>
            </line>
          </reporter-output>
        </test-method> <!-- logout -->
        <test-method is-config="true" signature="login()[pri:0, instance:MyTests.TestExecution@6025e1b6]" started-at="2023-09-06T22:38:42 IST" name="login" finished-at="2023-09-06T22:38:47 IST" duration-ms="4381" status="PASS">
          <reporter-output>
            <line>
              <![CDATA[Login]]>
            </line>
          </reporter-output>
        </test-method> <!-- login -->
        <test-method signature="modify()[pri:0, instance:MyTests.TestExecution@6025e1b6]" started-at="2023-09-06T22:38:47 IST" name="modify" finished-at="2023-09-06T22:38:47 IST" duration-ms="2" status="PASS">
          <reporter-output>
            <line>
              <![CDATA[Modify]]>
            </line>
          </reporter-output>
        </test-method> <!-- modify -->
        <test-method is-config="true" signature="logout()[pri:0, instance:MyTests.TestExecution@6025e1b6]" started-at="2023-09-06T22:38:47 IST" name="logout" finished-at="2023-09-06T22:38:47 IST" duration-ms="0" status="PASS">
          <reporter-output>
            <line>
              <![CDATA[Logout]]>
            </line>
          </reporter-output>
        </test-method> <!-- logout -->
        <test-method is-config="true" signature="close()[pri:0, instance:MyTests.TestExecution@6025e1b6]" started-at="2023-09-06T22:38:47 IST" name="close" finished-at="2023-09-06T22:38:47 IST" duration-ms="0" status="PASS">
          <reporter-output>
            <line>
              <![CDATA[Close]]>
            </line>
          </reporter-output>
        </test-method> <!-- close -->
      </class> <!-- MyTests.TestExecution -->
    </test> <!-- Test -->
  </suite> <!-- Suite -->
</testng-results>
